<?xml version="1.0" encoding="UTF-8"?>
<testng-results skipped="0" failed="0" ignored="0" total="2" passed="2">
  <reporter-output>
  </reporter-output>
  <suite name="Suite" duration-ms="15849" started-at="2021-11-06T17:23:52Z" finished-at="2021-11-06T17:24:08Z">
    <groups>
    </groups>
    <test name="Test" duration-ms="15849" started-at="2021-11-06T17:23:52Z" finished-at="2021-11-06T17:24:08Z">
      <class name="com.demo.tests.LoginPageTests">
        <test-method status="PASS" signature="setUp()[pri:0, instance:com.demo.tests.LoginPageTests@185d8b6]" name="setUp" is-config="true" duration-ms="8265" started-at="2021-11-06T17:23:53Z" finished-at="2021-11-06T17:24:01Z">
          <reporter-output>
          </reporter-output>
        </test-method> <!-- setUp -->
        <test-method status="PASS" signature="setUp()[pri:0, instance:com.demo.tests.LoginPageTests@185d8b6]" name="setUp" is-config="true" duration-ms="8220" started-at="2021-11-06T17:23:53Z" finished-at="2021-11-06T17:24:01Z">
          <reporter-output>
          </reporter-output>
        </test-method> <!-- setUp -->
        <test-method status="PASS" signature="orangeHRMLoginLogoutTest(java.util.Map)[pri:0, instance:com.demo.tests.LoginPageTests@185d8b6]" name="orangeHRMLoginLogoutTest" duration-ms="6429" started-at="2021-11-06T17:24:01Z" description="To check whethe its logged out" data-provider="getData" finished-at="2021-11-06T17:24:07Z">
          <params>
            <param index="0">
              <value>
                <![CDATA[{Firstname=Test, Username=Admin, Password=admin123}]]>
              </value>
            </param>
          </params>
          <reporter-output>
          </reporter-output>
        </test-method> <!-- orangeHRMLoginLogoutTest -->
        <test-method status="PASS" signature="orangeHRMLoginLogoutTest(java.util.Map)[pri:0, instance:com.demo.tests.LoginPageTests@185d8b6]" name="orangeHRMLoginLogoutTest" duration-ms="6384" started-at="2021-11-06T17:24:01Z" description="To check whethe its logged out" data-provider="getData" finished-at="2021-11-06T17:24:07Z">
          <params>
            <param index="0">
              <value>
                <![CDATA[{Firstname=Test2, Username=admin, Password=admin123}]]>
              </value>
            </param>
          </params>
          <reporter-output>
          </reporter-output>
        </test-method> <!-- orangeHRMLoginLogoutTest -->
        <test-method status="PASS" signature="tearDown()[pri:0, instance:com.demo.tests.LoginPageTests@185d8b6]" name="tearDown" is-config="true" duration-ms="215" started-at="2021-11-06T17:24:07Z" finished-at="2021-11-06T17:24:08Z">
          <reporter-output>
          </reporter-output>
        </test-method> <!-- tearDown -->
        <test-method status="PASS" signature="tearDown()[pri:0, instance:com.demo.tests.LoginPageTests@185d8b6]" name="tearDown" is-config="true" duration-ms="141" started-at="2021-11-06T17:24:07Z" finished-at="2021-11-06T17:24:08Z">
          <reporter-output>
          </reporter-output>
        </test-method> <!-- tearDown -->
      </class> <!-- com.demo.tests.LoginPageTests -->
    </test> <!-- Test -->
  </suite> <!-- Suite -->
</testng-results>
