<?xml version="1.0" encoding="UTF-8"?>
<!-- Generated by org.testng.reporters.JUnitReportReporter -->
<testsuite skipped="0" hostname="HRB’s MacBook Air" name="com.demo.tests.LoginPageTests" tests="2" failures="0" timestamp="06 Nov 2021 17:24:09 GMT" time="29.654" errors="0">
  <testcase name="orangeHRMLoginLogoutTest" time="14.909" classname="com.demo.tests.LoginPageTests"/>
  <testcase name="orangeHRMLoginLogoutTest" time="14.745" classname="com.demo.tests.LoginPageTests"/>
</testsuite> <!-- com.demo.tests.LoginPageTests -->
